DEBUG 2023/10/01 20:16:47 Failed to load .env
DEBUG 2023/10/01 20:16:52 Missing extention function for sleeping namespace a-4
DEBUG 2023/10/01 20:19:05 Failed to load .env
DEBUG 2023/10/01 20:19:11 Handled namespace event of type  MODIFIED
DEBUG 2023/10/01 20:19:17 Handled namespace event of type  MODIFIED
DEBUG 2023/10/01 20:19:17 Handled namespace event of type  DELETED
DEBUG 2023/10/01 20:21:11 Failed to load .env
DEBUG 2023/10/01 20:21:14 Received namespace event of type  MODIFIED
DEBUG 2023/10/01 20:21:19 Received namespace event of type  MODIFIED
DEBUG 2023/10/01 20:21:19 Received namespace event of type  DELETED
DEBUG 2023/10/01 20:21:19 Deleted namespace: a-3 
DEBUG 2023/10/01 20:21:28 Received namespace event of type  MODIFIED
DEBUG 2023/10/01 20:21:34 Received namespace event of type  MODIFIED
DEBUG 2023/10/01 20:21:34 Received namespace event of type  DELETED
DEBUG 2023/10/01 20:21:34 Deleted namespace: a-2 
DEBUG 2023/10/01 20:21:37 Received namespace event of type  MODIFIED
DEBUG 2023/10/01 20:21:42 Received namespace event of type  MODIFIED
DEBUG 2023/10/01 20:21:42 Received namespace event of type  DELETED
DEBUG 2023/10/01 20:21:42 Deleted namespace: a-1 
DEBUG 2023/10/01 20:21:45 Received namespace event of type  MODIFIED
DEBUG 2023/10/01 20:21:50 Received namespace event of type  MODIFIED
DEBUG 2023/10/01 20:21:50 Received namespace event of type  DELETED
DEBUG 2023/10/01 20:21:50 Deleted namespace: test 
DEBUG 2023/10/01 20:21:57 Received namespace event of type  ADDED
DEBUG 2023/10/01 20:21:57 Missing extention function for sleeping namespace: my-shiny-namespace
DEBUG 2023/10/01 20:21:57 Added namespace: my-shiny-namespace 
DEBUG 2023/10/01 20:22:30 Failed to load .env
DEBUG 2023/10/01 20:22:37 Received namespace event of type  ADDED
DEBUG 2023/10/01 20:22:37 Added namespace: review 
DEBUG 2023/10/01 20:26:46 Failed to load .env
DEBUG 2023/10/01 20:26:51 Received namespace event of type  ADDED
DEBUG 2023/10/01 20:26:51 Error while computing extension sleeping namespace: review-2
DEBUG 2023/10/01 20:26:51 Added namespace: review-2 
DEBUG 2023/10/01 20:27:41 Failed to load .env
DEBUG 2023/10/01 20:27:45 Received namespace event of type  ADDED
DEBUG 2023/10/01 20:27:45 Error while computing extension sleeping namespace: review-3
DEBUG 2023/10/01 20:27:45 Added namespace: review-3 
DEBUG 2023/10/01 20:27:51 Received namespace event of type  MODIFIED
DEBUG 2023/10/01 20:27:56 Received namespace event of type  MODIFIED
DEBUG 2023/10/01 20:27:56 Received namespace event of type  DELETED
DEBUG 2023/10/01 20:27:56 Deleted namespace: review-3 
DEBUG 2023/10/01 20:28:01 Received namespace event of type  MODIFIED
DEBUG 2023/10/01 20:28:06 Received namespace event of type  MODIFIED
DEBUG 2023/10/01 20:28:06 Received namespace event of type  DELETED
DEBUG 2023/10/01 20:28:06 Deleted namespace: review-2 
DEBUG 2023/10/01 20:28:07 Received namespace event of type  MODIFIED
DEBUG 2023/10/01 20:28:13 Received namespace event of type  MODIFIED
DEBUG 2023/10/01 20:28:13 Received namespace event of type  DELETED
DEBUG 2023/10/01 20:28:13 Deleted namespace: review 
DEBUG 2023/10/01 20:49:46 Failed to load .env
DEBUG 2023/10/01 20:49:57 Received namespace event of type  ADDED
DEBUG 2023/10/01 20:49:57 Error while computing extension sleeping namespace: review
DEBUG 2023/10/01 20:49:57 Added namespace: review 
DEBUG 2023/10/01 20:50:02 Received namespace event of type  MODIFIED
DEBUG 2023/10/01 20:50:08 Received namespace event of type  MODIFIED
DEBUG 2023/10/01 20:50:08 Received namespace event of type  DELETED
DEBUG 2023/10/01 20:50:08 Deleted namespace: review 
DEBUG 2023/10/01 20:54:47 Failed to load .env
DEBUG 2023/10/01 20:55:38 Failed to load .env
